<?xml version="1.0" encoding="UTF-8"?>
<testsuite name="P1UnitTests2" tests="1" skipped="0" failures="0" errors="0" timestamp="2023-09-11T20:36:14" hostname="Richards-MacBook-Pro-2.local" time="0.021">
  <properties/>
  <testcase name="testQuery2()" classname="P1UnitTests2" time="0.021"/>
  <system-out><![CDATA[]]></system-out>
  <system-err><![CDATA[]]></system-err>
</testsuite>
