<?xml version="1.0" encoding="UTF-8"?>
<testsuite name="P1UnitTests2" tests="2" skipped="0" failures="0" errors="0" timestamp="2023-09-08T17:45:49" hostname="THINKPAD_X1_EXT" time="0.004">
  <properties/>
  <testcase name="testQuery1()" classname="P1UnitTests2" time="0.002"/>
  <testcase name="testQuery2()" classname="P1UnitTests2" time="0.002"/>
  <system-out><![CDATA[]]></system-out>
  <system-err><![CDATA[]]></system-err>
</testsuite>
