<?xml version="1.0" encoding="UTF-8"?>
<testsuite name="P1UnitTests2" tests="9" skipped="0" failures="0" errors="0" timestamp="2023-09-14T07:03:22" hostname="Richards-MacBook-Pro-2.local" time="0.055">
  <properties/>
  <testcase name="testQuery1()" classname="P1UnitTests2" time="0.025"/>
  <testcase name="testQuery2()" classname="P1UnitTests2" time="0.003"/>
  <testcase name="testQuery3()" classname="P1UnitTests2" time="0.004"/>
  <testcase name="testQuery4()" classname="P1UnitTests2" time="0.002"/>
  <testcase name="testQuery5()" classname="P1UnitTests2" time="0.001"/>
  <testcase name="testQuery6()" classname="P1UnitTests2" time="0.003"/>
  <testcase name="testQuery7()" classname="P1UnitTests2" time="0.002"/>
  <testcase name="testQuery8()" classname="P1UnitTests2" time="0.002"/>
  <testcase name="testQuery9()" classname="P1UnitTests2" time="0.002"/>
  <system-out><![CDATA[]]></system-out>
  <system-err><![CDATA[]]></system-err>
</testsuite>
