<?xml version="1.0" encoding="UTF-8"?>
<testsuite name="P1UnitTests2" tests="9" skipped="0" failures="0" errors="0" timestamp="2023-09-14T17:50:32" hostname="THINKPAD_X1_EXT" time="0.065">
  <properties/>
  <testcase name="testQuery1()" classname="P1UnitTests2" time="0.005"/>
  <testcase name="testQuery2()" classname="P1UnitTests2" time="0.005"/>
  <testcase name="testQuery3()" classname="P1UnitTests2" time="0.005"/>
  <testcase name="testQuery4()" classname="P1UnitTests2" time="0.007"/>
  <testcase name="testQuery5()" classname="P1UnitTests2" time="0.005"/>
  <testcase name="testQuery6()" classname="P1UnitTests2" time="0.005"/>
  <testcase name="testQuery7()" classname="P1UnitTests2" time="0.004"/>
  <testcase name="testQuery8()" classname="P1UnitTests2" time="0.004"/>
  <testcase name="testQuery9()" classname="P1UnitTests2" time="0.004"/>
  <system-out><![CDATA[]]></system-out>
  <system-err><![CDATA[]]></system-err>
</testsuite>
